<?xml version="1.0" encoding="UTF-8"?>
<!-- Generated by org.testng.reporters.JUnitReportReporter -->
<testsuite skipped="0" hostname="P3CLAP-37XZ0Z2" name="com.demo.tests.TestSuite" tests="6" failures="0" timestamp="03 Jan 2021 14:12:56 GMT" time="43.669" errors="0">
  <testcase name="TC01_SIT_Flight_Booking" time="43.644" classname="com.demo.tests.TestSuite"/>
  <testcase name="TC02_SIT_New_User_Registration" time="0.006" classname="com.demo.tests.TestSuite"/>
  <testcase name="TC03_SIT_Valid_Login" time="0.000" classname="com.demo.tests.TestSuite"/>
  <testcase name="TC03_SIT_Valid_Login" time="0.009" classname="com.demo.tests.TestSuite"/>
  <testcase name="TC03_SIT_Valid_Login" time="0.004" classname="com.demo.tests.TestSuite"/>
  <testcase name="TC03_SIT_Valid_Login" time="0.006" classname="com.demo.tests.TestSuite"/>
</testsuite> <!-- com.demo.tests.TestSuite -->
